<?xml version="1.0" encoding="UTF-8"?>
<robot generator="Robot 7.1 (Python 3.12.7 on win32)" generated="2024-12-20T01:00:29.244367" rpa="false" schemaversion="5">
<suite id="s1" name="Test2" source="C:\WasimShaikh\Coding\RobotFramework\SimulationHubAutomation\RobotProject\tests\Test2.robot">
<test id="s1-t1" name="Clean Up Screenshots" line="7">
<kw name="Remove Files" owner="OperatingSystem">
<msg time="2024-12-20T01:00:29.625100" level="INFO" html="true">Removed file '&lt;a href="file://C:\WasimShaikh\Coding\RobotFramework\SimulationHubAutomation\RobotProject\tests\selenium-screenshot-1.png"&gt;C:\WasimShaikh\Coding\RobotFramework\SimulationHubAutomation\RobotProject\tests\selenium-screenshot-1.png&lt;/a&gt;'.</msg>
<msg time="2024-12-20T01:00:29.626102" level="INFO" html="true">Removed file '&lt;a href="file://C:\WasimShaikh\Coding\RobotFramework\SimulationHubAutomation\RobotProject\tests\selenium-screenshot-10.png"&gt;C:\WasimShaikh\Coding\RobotFramework\SimulationHubAutomation\RobotProject\tests\selenium-screenshot-10.png&lt;/a&gt;'.</msg>
<msg time="2024-12-20T01:00:29.626102" level="INFO" html="true">Removed file '&lt;a href="file://C:\WasimShaikh\Coding\RobotFramework\SimulationHubAutomation\RobotProject\tests\selenium-screenshot-11.png"&gt;C:\WasimShaikh\Coding\RobotFramework\SimulationHubAutomation\RobotProject\tests\selenium-screenshot-11.png&lt;/a&gt;'.</msg>
<msg time="2024-12-20T01:00:29.627095" level="INFO" html="true">Removed file '&lt;a href="file://C:\WasimShaikh\Coding\RobotFramework\SimulationHubAutomation\RobotProject\tests\selenium-screenshot-12.png"&gt;C:\WasimShaikh\Coding\RobotFramework\SimulationHubAutomation\RobotProject\tests\selenium-screenshot-12.png&lt;/a&gt;'.</msg>
<msg time="2024-12-20T01:00:29.627095" level="INFO" html="true">Removed file '&lt;a href="file://C:\WasimShaikh\Coding\RobotFramework\SimulationHubAutomation\RobotProject\tests\selenium-screenshot-2.png"&gt;C:\WasimShaikh\Coding\RobotFramework\SimulationHubAutomation\RobotProject\tests\selenium-screenshot-2.png&lt;/a&gt;'.</msg>
<msg time="2024-12-20T01:00:29.628090" level="INFO" html="true">Removed file '&lt;a href="file://C:\WasimShaikh\Coding\RobotFramework\SimulationHubAutomation\RobotProject\tests\selenium-screenshot-3.png"&gt;C:\WasimShaikh\Coding\RobotFramework\SimulationHubAutomation\RobotProject\tests\selenium-screenshot-3.png&lt;/a&gt;'.</msg>
<msg time="2024-12-20T01:00:29.628235" level="INFO" html="true">Removed file '&lt;a href="file://C:\WasimShaikh\Coding\RobotFramework\SimulationHubAutomation\RobotProject\tests\selenium-screenshot-4.png"&gt;C:\WasimShaikh\Coding\RobotFramework\SimulationHubAutomation\RobotProject\tests\selenium-screenshot-4.png&lt;/a&gt;'.</msg>
<msg time="2024-12-20T01:00:29.628235" level="INFO" html="true">Removed file '&lt;a href="file://C:\WasimShaikh\Coding\RobotFramework\SimulationHubAutomation\RobotProject\tests\selenium-screenshot-5.png"&gt;C:\WasimShaikh\Coding\RobotFramework\SimulationHubAutomation\RobotProject\tests\selenium-screenshot-5.png&lt;/a&gt;'.</msg>
<msg time="2024-12-20T01:00:29.629254" level="INFO" html="true">Removed file '&lt;a href="file://C:\WasimShaikh\Coding\RobotFramework\SimulationHubAutomation\RobotProject\tests\selenium-screenshot-6.png"&gt;C:\WasimShaikh\Coding\RobotFramework\SimulationHubAutomation\RobotProject\tests\selenium-screenshot-6.png&lt;/a&gt;'.</msg>
<msg time="2024-12-20T01:00:29.629254" level="INFO" html="true">Removed file '&lt;a href="file://C:\WasimShaikh\Coding\RobotFramework\SimulationHubAutomation\RobotProject\tests\selenium-screenshot-7.png"&gt;C:\WasimShaikh\Coding\RobotFramework\SimulationHubAutomation\RobotProject\tests\selenium-screenshot-7.png&lt;/a&gt;'.</msg>
<msg time="2024-12-20T01:00:29.630248" level="INFO" html="true">Removed file '&lt;a href="file://C:\WasimShaikh\Coding\RobotFramework\SimulationHubAutomation\RobotProject\tests\selenium-screenshot-8.png"&gt;C:\WasimShaikh\Coding\RobotFramework\SimulationHubAutomation\RobotProject\tests\selenium-screenshot-8.png&lt;/a&gt;'.</msg>
<msg time="2024-12-20T01:00:29.630248" level="INFO" html="true">Removed file '&lt;a href="file://C:\WasimShaikh\Coding\RobotFramework\SimulationHubAutomation\RobotProject\tests\selenium-screenshot-9.png"&gt;C:\WasimShaikh\Coding\RobotFramework\SimulationHubAutomation\RobotProject\tests\selenium-screenshot-9.png&lt;/a&gt;'.</msg>
<arg>selenium-screenshot-*.png</arg>
<doc>Uses `Remove File` to remove multiple files one-by-one.</doc>
<status status="PASS" start="2024-12-20T01:00:29.623111" elapsed="0.007137"/>
</kw>
<status status="PASS" start="2024-12-20T01:00:29.621113" elapsed="0.010131"/>
</test>
<test id="s1-t2" name="Test Airline Support Office" line="10">
<kw name="Open the browser with simulation hub url">
<kw name="Open Browser" owner="SeleniumLibrary">
<msg time="2024-12-20T01:00:29.634541" level="INFO">Opening browser 'Chrome' to base url 'https://webapp.simulationhub.com/simulation-gallery'.</msg>
<msg time="2024-12-20T01:00:30.153344" level="WARN">The chromedriver version (130.0.6723.69) detected in PATH at C:\Drivers\chromedriver-win64\chromedriver.exe might not be compatible with the detected chrome version (131.0.6778.140); currently, chromedriver 131.0.6778.204 is recommended for chrome 131.*, so it is advised to delete the driver in PATH and retry</msg>
<arg>https://webapp.simulationhub.com/simulation-gallery</arg>
<arg>Chrome</arg>
<doc>Opens a new browser instance to the optional ``url``.</doc>
<status status="PASS" start="2024-12-20T01:00:29.633237" elapsed="5.021572"/>
</kw>
<kw name="Maximize Browser Window" owner="SeleniumLibrary">
<doc>Maximizes current browser window.</doc>
<status status="PASS" start="2024-12-20T01:00:34.654809" elapsed="0.121352"/>
</kw>
<kw name="Title Should Be" owner="SeleniumLibrary">
<msg time="2024-12-20T01:00:34.788281" level="INFO">Page title is 'Simulation Gallery | simulationHub'.</msg>
<arg>Simulation Gallery | simulationHub</arg>
<doc>Verifies that the current page title equals ``title``.</doc>
<status status="PASS" start="2024-12-20T01:00:34.776743" elapsed="0.012037"/>
</kw>
<status status="PASS" start="2024-12-20T01:00:29.633237" elapsed="5.155756"/>
</kw>
<kw name="view HVAC CFD gallery">
<kw name="Sleep" owner="BuiltIn">
<msg time="2024-12-20T01:00:39.792018" level="INFO">Slept 5 seconds.</msg>
<arg>5</arg>
<doc>Pauses the test executed for the given time.</doc>
<status status="PASS" start="2024-12-20T01:00:34.790385" elapsed="5.001633"/>
</kw>
<kw name="Click Element" owner="SeleniumLibrary">
<msg time="2024-12-20T01:00:39.794762" level="INFO">Clicking element 'xpath://a[contains(@href, 'simulation-gallery')]'.</msg>
<arg>xpath://a[contains(@href, 'simulation-gallery')]</arg>
<doc>Click the element identified by ``locator``.</doc>
<status status="PASS" start="2024-12-20T01:00:39.793140" elapsed="3.636116"/>
</kw>
<status status="PASS" start="2024-12-20T01:00:34.789929" elapsed="8.639327"/>
</kw>
<kw name="Validate Simulations Display">
<kw name="Wait Until Element Is Visible" owner="SeleniumLibrary">
<arg>css:.aspectRatio169</arg>
<arg>timeout=10s</arg>
<doc>Waits until the element ``locator`` is visible.</doc>
<status status="PASS" start="2024-12-20T01:00:43.431927" elapsed="2.434378"/>
</kw>
<kw name="Create List" owner="BuiltIn">
<msg time="2024-12-20T01:00:45.869053" level="INFO">@{expectedList} = [ Washington DC Cooling I Cooling Simulation | simulationHub Office | Burger Joint Case Study | ASHRAE Global Headquarters | Office Workspace HVAC Cooling Simulation | High School Pune HVAC Cooling Si...</msg>
<var>@{expectedList}</var>
<arg>Washington DC Cooling I Cooling Simulation</arg>
<arg>simulationHub Office</arg>
<arg>Burger Joint Case Study</arg>
<arg>ASHRAE Global Headquarters</arg>
<arg>Office Workspace HVAC Cooling Simulation</arg>
<arg>High School Pune HVAC Cooling Simulations</arg>
<arg>Manhattan Commercial Space</arg>
<arg>Airline Support Office</arg>
<arg>Crimson Anisha Global School</arg>
<arg>Commercial Bank</arg>
<arg>CCTech Office Pune</arg>
<arg>Conference Room study</arg>
<doc>Returns a list containing given items.</doc>
<status status="PASS" start="2024-12-20T01:00:45.867440" elapsed="0.001972"/>
</kw>
<kw name="Get WebElements" owner="SeleniumLibrary">
<msg time="2024-12-20T01:00:45.888869" level="INFO">${CardElements} = [&lt;selenium.webdriver.remote.webelement.WebElement (session="3e6b902c82c9d4f1b5b83c325b2ccd4c", element="f.564C6282B9D97334AFA6BFC2F1674011.d.F69B5D8F170FE7F52EC2A24136DBFF69.e.64")&gt;, &lt;selenium.webdriv...</msg>
<var>${CardElements}</var>
<arg>css:.aspectRatio169</arg>
<doc>Returns a list of WebElement objects matching the ``locator``.</doc>
<status status="PASS" start="2024-12-20T01:00:45.871016" elapsed="0.018388"/>
</kw>
<kw name="Create List" owner="BuiltIn">
<msg time="2024-12-20T01:00:45.889774" level="INFO">@{actualList} = [ ]</msg>
<var>@{actualList}</var>
<doc>Returns a list containing given items.</doc>
<status status="PASS" start="2024-12-20T01:00:45.889774" elapsed="0.000000"/>
</kw>
<for flavor="IN">
<iter>
<kw name="Get Element Attribute" owner="SeleniumLibrary">
<msg time="2024-12-20T01:00:45.910040" level="INFO">${altText} = Washington DC Cooling I Cooling Simulation</msg>
<var>${altText}</var>
<arg>${element}</arg>
<arg>alt</arg>
<doc>Returns the value of ``attribute`` from the element ``locator``.</doc>
<status status="PASS" start="2024-12-20T01:00:45.890823" elapsed="0.019714"/>
</kw>
<kw name="Log" owner="BuiltIn">
<msg time="2024-12-20T01:00:45.912028" level="INFO">Washington DC Cooling I Cooling Simulation</msg>
<arg>${altText}</arg>
<doc>Logs the given message with the given level.</doc>
<status status="PASS" start="2024-12-20T01:00:45.911035" elapsed="0.000993"/>
</kw>
<kw name="Append To List" owner="Collections">
<arg>${actualList}</arg>
<arg>${altText}</arg>
<doc>Adds ``values`` to the end of ``list``.</doc>
<status status="PASS" start="2024-12-20T01:00:45.912592" elapsed="0.000391"/>
</kw>
<var name="${element}">&lt;selenium.webdriver.remote.webelement.WebElement (session="3e6b902c82c9d4f1b5b83c325b2ccd4c", element="f.564C6282B9D97334AFA6BFC2F1674011.d.F69B5D8F170FE7F52EC2A24136DBFF69.e.64")&gt;</var>
<status status="PASS" start="2024-12-20T01:00:45.890823" elapsed="0.022160"/>
</iter>
<iter>
<kw name="Get Element Attribute" owner="SeleniumLibrary">
<msg time="2024-12-20T01:00:45.929312" level="INFO">${altText} = simulationHub Office</msg>
<var>${altText}</var>
<arg>${element}</arg>
<arg>alt</arg>
<doc>Returns the value of ``attribute`` from the element ``locator``.</doc>
<status status="PASS" start="2024-12-20T01:00:45.914269" elapsed="0.015540"/>
</kw>
<kw name="Log" owner="BuiltIn">
<msg time="2024-12-20T01:00:45.930306" level="INFO">simulationHub Office</msg>
<arg>${altText}</arg>
<doc>Logs the given message with the given level.</doc>
<status status="PASS" start="2024-12-20T01:00:45.929809" elapsed="0.000497"/>
</kw>
<kw name="Append To List" owner="Collections">
<arg>${actualList}</arg>
<arg>${altText}</arg>
<doc>Adds ``values`` to the end of ``list``.</doc>
<status status="PASS" start="2024-12-20T01:00:45.930802" elapsed="0.000519"/>
</kw>
<var name="${element}">&lt;selenium.webdriver.remote.webelement.WebElement (session="3e6b902c82c9d4f1b5b83c325b2ccd4c", element="f.564C6282B9D97334AFA6BFC2F1674011.d.F69B5D8F170FE7F52EC2A24136DBFF69.e.65")&gt;</var>
<status status="PASS" start="2024-12-20T01:00:45.913953" elapsed="0.017895"/>
</iter>
<iter>
<kw name="Get Element Attribute" owner="SeleniumLibrary">
<msg time="2024-12-20T01:00:45.949819" level="INFO">${altText} = Burger Joint Case Study</msg>
<var>${altText}</var>
<arg>${element}</arg>
<arg>alt</arg>
<doc>Returns the value of ``attribute`` from the element ``locator``.</doc>
<status status="PASS" start="2024-12-20T01:00:45.932180" elapsed="0.017639"/>
</kw>
<kw name="Log" owner="BuiltIn">
<msg time="2024-12-20T01:00:45.950831" level="INFO">Burger Joint Case Study</msg>
<arg>${altText}</arg>
<doc>Logs the given message with the given level.</doc>
<status status="PASS" start="2024-12-20T01:00:45.949819" elapsed="0.001012"/>
</kw>
<kw name="Append To List" owner="Collections">
<arg>${actualList}</arg>
<arg>${altText}</arg>
<doc>Adds ``values`` to the end of ``list``.</doc>
<status status="PASS" start="2024-12-20T01:00:45.951827" elapsed="0.000804"/>
</kw>
<var name="${element}">&lt;selenium.webdriver.remote.webelement.WebElement (session="3e6b902c82c9d4f1b5b83c325b2ccd4c", element="f.564C6282B9D97334AFA6BFC2F1674011.d.F69B5D8F170FE7F52EC2A24136DBFF69.e.66")&gt;</var>
<status status="PASS" start="2024-12-20T01:00:45.932180" elapsed="0.020949"/>
</iter>
<iter>
<kw name="Get Element Attribute" owner="SeleniumLibrary">
<msg time="2024-12-20T01:00:45.966060" level="INFO">${altText} = ASHRAE Global Headquarters</msg>
<var>${altText}</var>
<arg>${element}</arg>
<arg>alt</arg>
<doc>Returns the value of ``attribute`` from the element ``locator``.</doc>
<status status="PASS" start="2024-12-20T01:00:45.953623" elapsed="0.012437"/>
</kw>
<kw name="Log" owner="BuiltIn">
<msg time="2024-12-20T01:00:45.967089" level="INFO">ASHRAE Global Headquarters</msg>
<arg>${altText}</arg>
<doc>Logs the given message with the given level.</doc>
<status status="PASS" start="2024-12-20T01:00:45.967089" elapsed="0.000000"/>
</kw>
<kw name="Append To List" owner="Collections">
<arg>${actualList}</arg>
<arg>${altText}</arg>
<doc>Adds ``values`` to the end of ``list``.</doc>
<status status="PASS" start="2024-12-20T01:00:45.969326" elapsed="0.002501"/>
</kw>
<var name="${element}">&lt;selenium.webdriver.remote.webelement.WebElement (session="3e6b902c82c9d4f1b5b83c325b2ccd4c", element="f.564C6282B9D97334AFA6BFC2F1674011.d.F69B5D8F170FE7F52EC2A24136DBFF69.e.67")&gt;</var>
<status status="PASS" start="2024-12-20T01:00:45.953623" elapsed="0.018204"/>
</iter>
<iter>
<kw name="Get Element Attribute" owner="SeleniumLibrary">
<msg time="2024-12-20T01:00:45.984489" level="INFO">${altText} = Office Workspace HVAC Cooling Simulation</msg>
<var>${altText}</var>
<arg>${element}</arg>
<arg>alt</arg>
<doc>Returns the value of ``attribute`` from the element ``locator``.</doc>
<status status="PASS" start="2024-12-20T01:00:45.972859" elapsed="0.012077"/>
</kw>
<kw name="Log" owner="BuiltIn">
<msg time="2024-12-20T01:00:45.988237" level="INFO">Office Workspace HVAC Cooling Simulation</msg>
<arg>${altText}</arg>
<doc>Logs the given message with the given level.</doc>
<status status="PASS" start="2024-12-20T01:00:45.985738" elapsed="0.002838"/>
</kw>
<kw name="Append To List" owner="Collections">
<arg>${actualList}</arg>
<arg>${altText}</arg>
<doc>Adds ``values`` to the end of ``list``.</doc>
<status status="PASS" start="2024-12-20T01:00:45.989074" elapsed="0.000789"/>
</kw>
<var name="${element}">&lt;selenium.webdriver.remote.webelement.WebElement (session="3e6b902c82c9d4f1b5b83c325b2ccd4c", element="f.564C6282B9D97334AFA6BFC2F1674011.d.F69B5D8F170FE7F52EC2A24136DBFF69.e.68")&gt;</var>
<status status="PASS" start="2024-12-20T01:00:45.972328" elapsed="0.018029"/>
</iter>
<iter>
<kw name="Get Element Attribute" owner="SeleniumLibrary">
<msg time="2024-12-20T01:00:46.000810" level="INFO">${altText} = High School Pune HVAC Cooling Simulations</msg>
<var>${altText}</var>
<arg>${element}</arg>
<arg>alt</arg>
<doc>Returns the value of ``attribute`` from the element ``locator``.</doc>
<status status="PASS" start="2024-12-20T01:00:45.990866" elapsed="0.009944"/>
</kw>
<kw name="Log" owner="BuiltIn">
<msg time="2024-12-20T01:00:46.002677" level="INFO">High School Pune HVAC Cooling Simulations</msg>
<arg>${altText}</arg>
<doc>Logs the given message with the given level.</doc>
<status status="PASS" start="2024-12-20T01:00:46.001808" elapsed="0.000869"/>
</kw>
<kw name="Append To List" owner="Collections">
<arg>${actualList}</arg>
<arg>${altText}</arg>
<doc>Adds ``values`` to the end of ``list``.</doc>
<status status="PASS" start="2024-12-20T01:00:46.003174" elapsed="0.000496"/>
</kw>
<var name="${element}">&lt;selenium.webdriver.remote.webelement.WebElement (session="3e6b902c82c9d4f1b5b83c325b2ccd4c", element="f.564C6282B9D97334AFA6BFC2F1674011.d.F69B5D8F170FE7F52EC2A24136DBFF69.e.69")&gt;</var>
<status status="PASS" start="2024-12-20T01:00:45.990773" elapsed="0.012897"/>
</iter>
<iter>
<kw name="Get Element Attribute" owner="SeleniumLibrary">
<msg time="2024-12-20T01:00:46.017799" level="INFO">${altText} = Manhattan Commercial Space</msg>
<var>${altText}</var>
<arg>${element}</arg>
<arg>alt</arg>
<doc>Returns the value of ``attribute`` from the element ``locator``.</doc>
<status status="PASS" start="2024-12-20T01:00:46.004300" elapsed="0.013499"/>
</kw>
<kw name="Log" owner="BuiltIn">
<msg time="2024-12-20T01:00:46.018297" level="INFO">Manhattan Commercial Space</msg>
<arg>${altText}</arg>
<doc>Logs the given message with the given level.</doc>
<status status="PASS" start="2024-12-20T01:00:46.018297" elapsed="0.000000"/>
</kw>
<kw name="Append To List" owner="Collections">
<arg>${actualList}</arg>
<arg>${altText}</arg>
<doc>Adds ``values`` to the end of ``list``.</doc>
<status status="PASS" start="2024-12-20T01:00:46.019655" elapsed="0.001081"/>
</kw>
<var name="${element}">&lt;selenium.webdriver.remote.webelement.WebElement (session="3e6b902c82c9d4f1b5b83c325b2ccd4c", element="f.564C6282B9D97334AFA6BFC2F1674011.d.F69B5D8F170FE7F52EC2A24136DBFF69.e.70")&gt;</var>
<status status="PASS" start="2024-12-20T01:00:46.004300" elapsed="0.016436"/>
</iter>
<iter>
<kw name="Get Element Attribute" owner="SeleniumLibrary">
<msg time="2024-12-20T01:00:46.032989" level="INFO">${altText} = Airline Support Office</msg>
<var>${altText}</var>
<arg>${element}</arg>
<arg>alt</arg>
<doc>Returns the value of ``attribute`` from the element ``locator``.</doc>
<status status="PASS" start="2024-12-20T01:00:46.020736" elapsed="0.012253"/>
</kw>
<kw name="Log" owner="BuiltIn">
<msg time="2024-12-20T01:00:46.033983" level="INFO">Airline Support Office</msg>
<arg>${altText}</arg>
<doc>Logs the given message with the given level.</doc>
<status status="PASS" start="2024-12-20T01:00:46.033485" elapsed="0.000498"/>
</kw>
<kw name="Append To List" owner="Collections">
<arg>${actualList}</arg>
<arg>${altText}</arg>
<doc>Adds ``values`` to the end of ``list``.</doc>
<status status="PASS" start="2024-12-20T01:00:46.034479" elapsed="0.000642"/>
</kw>
<var name="${element}">&lt;selenium.webdriver.remote.webelement.WebElement (session="3e6b902c82c9d4f1b5b83c325b2ccd4c", element="f.564C6282B9D97334AFA6BFC2F1674011.d.F69B5D8F170FE7F52EC2A24136DBFF69.e.71")&gt;</var>
<status status="PASS" start="2024-12-20T01:00:46.020736" elapsed="0.014889"/>
</iter>
<iter>
<kw name="Get Element Attribute" owner="SeleniumLibrary">
<msg time="2024-12-20T01:00:46.048379" level="INFO">${altText} = Crimson Anisha Global School</msg>
<var>${altText}</var>
<arg>${element}</arg>
<arg>alt</arg>
<doc>Returns the value of ``attribute`` from the element ``locator``.</doc>
<status status="PASS" start="2024-12-20T01:00:46.037273" elapsed="0.011690"/>
</kw>
<kw name="Log" owner="BuiltIn">
<msg time="2024-12-20T01:00:46.049180" level="INFO">Crimson Anisha Global School</msg>
<arg>${altText}</arg>
<doc>Logs the given message with the given level.</doc>
<status status="PASS" start="2024-12-20T01:00:46.049180" elapsed="0.000565"/>
</kw>
<kw name="Append To List" owner="Collections">
<arg>${actualList}</arg>
<arg>${altText}</arg>
<doc>Adds ``values`` to the end of ``list``.</doc>
<status status="PASS" start="2024-12-20T01:00:46.049745" elapsed="0.000287"/>
</kw>
<var name="${element}">&lt;selenium.webdriver.remote.webelement.WebElement (session="3e6b902c82c9d4f1b5b83c325b2ccd4c", element="f.564C6282B9D97334AFA6BFC2F1674011.d.F69B5D8F170FE7F52EC2A24136DBFF69.e.72")&gt;</var>
<status status="PASS" start="2024-12-20T01:00:46.036776" elapsed="0.013565"/>
</iter>
<iter>
<kw name="Get Element Attribute" owner="SeleniumLibrary">
<msg time="2024-12-20T01:00:46.065101" level="INFO">${altText} = Commercial Bank</msg>
<var>${altText}</var>
<arg>${element}</arg>
<arg>alt</arg>
<doc>Returns the value of ``attribute`` from the element ``locator``.</doc>
<status status="PASS" start="2024-12-20T01:00:46.050465" elapsed="0.015643"/>
</kw>
<kw name="Log" owner="BuiltIn">
<msg time="2024-12-20T01:00:46.066979" level="INFO">Commercial Bank</msg>
<arg>${altText}</arg>
<doc>Logs the given message with the given level.</doc>
<status status="PASS" start="2024-12-20T01:00:46.066545" elapsed="0.000434"/>
</kw>
<kw name="Append To List" owner="Collections">
<arg>${actualList}</arg>
<arg>${altText}</arg>
<doc>Adds ``values`` to the end of ``list``.</doc>
<status status="PASS" start="2024-12-20T01:00:46.067706" elapsed="0.000945"/>
</kw>
<var name="${element}">&lt;selenium.webdriver.remote.webelement.WebElement (session="3e6b902c82c9d4f1b5b83c325b2ccd4c", element="f.564C6282B9D97334AFA6BFC2F1674011.d.F69B5D8F170FE7F52EC2A24136DBFF69.e.73")&gt;</var>
<status status="PASS" start="2024-12-20T01:00:46.050465" elapsed="0.018681"/>
</iter>
<iter>
<kw name="Get Element Attribute" owner="SeleniumLibrary">
<msg time="2024-12-20T01:00:46.083466" level="INFO">${altText} = CCTech Office Pune</msg>
<var>${altText}</var>
<arg>${element}</arg>
<arg>alt</arg>
<doc>Returns the value of ``attribute`` from the element ``locator``.</doc>
<status status="PASS" start="2024-12-20T01:00:46.070840" elapsed="0.013026"/>
</kw>
<kw name="Log" owner="BuiltIn">
<msg time="2024-12-20T01:00:46.084740" level="INFO">CCTech Office Pune</msg>
<arg>${altText}</arg>
<doc>Logs the given message with the given level.</doc>
<status status="PASS" start="2024-12-20T01:00:46.083866" elapsed="0.001053"/>
</kw>
<kw name="Append To List" owner="Collections">
<arg>${actualList}</arg>
<arg>${altText}</arg>
<doc>Adds ``values`` to the end of ``list``.</doc>
<status status="PASS" start="2024-12-20T01:00:46.085422" elapsed="0.000748"/>
</kw>
<var name="${element}">&lt;selenium.webdriver.remote.webelement.WebElement (session="3e6b902c82c9d4f1b5b83c325b2ccd4c", element="f.564C6282B9D97334AFA6BFC2F1674011.d.F69B5D8F170FE7F52EC2A24136DBFF69.e.74")&gt;</var>
<status status="PASS" start="2024-12-20T01:00:46.069821" elapsed="0.016993"/>
</iter>
<iter>
<kw name="Get Element Attribute" owner="SeleniumLibrary">
<msg time="2024-12-20T01:00:46.097627" level="INFO">${altText} = Conference Room study</msg>
<var>${altText}</var>
<arg>${element}</arg>
<arg>alt</arg>
<doc>Returns the value of ``attribute`` from the element ``locator``.</doc>
<status status="PASS" start="2024-12-20T01:00:46.087807" elapsed="0.009820"/>
</kw>
<kw name="Log" owner="BuiltIn">
<msg time="2024-12-20T01:00:46.098123" level="INFO">Conference Room study</msg>
<arg>${altText}</arg>
<doc>Logs the given message with the given level.</doc>
<status status="PASS" start="2024-12-20T01:00:46.097627" elapsed="0.000496"/>
</kw>
<kw name="Append To List" owner="Collections">
<arg>${actualList}</arg>
<arg>${altText}</arg>
<doc>Adds ``values`` to the end of ``list``.</doc>
<status status="PASS" start="2024-12-20T01:00:46.098621" elapsed="0.000496"/>
</kw>
<var name="${element}">&lt;selenium.webdriver.remote.webelement.WebElement (session="3e6b902c82c9d4f1b5b83c325b2ccd4c", element="f.564C6282B9D97334AFA6BFC2F1674011.d.F69B5D8F170FE7F52EC2A24136DBFF69.e.75")&gt;</var>
<status status="PASS" start="2024-12-20T01:00:46.087310" elapsed="0.011807"/>
</iter>
<var>${element}</var>
<value>@{CardElements}</value>
<status status="PASS" start="2024-12-20T01:00:45.889774" elapsed="0.209343"/>
</for>
<kw name="Log" owner="BuiltIn">
<msg time="2024-12-20T01:00:46.099891" level="INFO">['Washington DC Cooling I Cooling Simulation', 'simulationHub Office', 'Burger Joint Case Study', 'ASHRAE Global Headquarters', 'Office Workspace HVAC Cooling Simulation', 'High School Pune HVAC Cooling Simulations', 'Manhattan Commercial Space', 'Airline Support Office', 'Crimson Anisha Global School', 'Commercial Bank', 'CCTech Office Pune', 'Conference Room study']</msg>
<arg>${actualList}</arg>
<doc>Logs the given message with the given level.</doc>
<status status="PASS" start="2024-12-20T01:00:46.099891" elapsed="0.000491"/>
</kw>
<kw name="Lists Should Be Equal" owner="Collections">
<arg>${expectedList}</arg>
<arg>${actualList}</arg>
<doc>Fails if given lists are unequal.</doc>
<status status="PASS" start="2024-12-20T01:00:46.100382" elapsed="0.000497"/>
</kw>
<status status="PASS" start="2024-12-20T01:00:43.430878" elapsed="2.670001"/>
</kw>
<kw name="Open Airline Support Office">
<kw name="Click Element" owner="SeleniumLibrary">
<msg time="2024-12-20T01:00:46.102369" level="INFO">Clicking element 'id:BLiEh8P'.</msg>
<arg>id:BLiEh8P</arg>
<doc>Click the element identified by ``locator``.</doc>
<status status="PASS" start="2024-12-20T01:00:46.101892" elapsed="0.109078"/>
</kw>
<kw name="Sleep" owner="BuiltIn">
<msg time="2024-12-20T01:00:51.212373" level="INFO">Slept 5 seconds.</msg>
<arg>5</arg>
<doc>Pauses the test executed for the given time.</doc>
<status status="PASS" start="2024-12-20T01:00:46.211468" elapsed="5.000905"/>
</kw>
<status status="PASS" start="2024-12-20T01:00:46.101542" elapsed="5.110831"/>
</kw>
<status status="PASS" start="2024-12-20T01:00:29.632240" elapsed="21.581129"/>
</test>
<status status="PASS" start="2024-12-20T01:00:29.246687" elapsed="21.968714"/>
</suite>
<statistics>
<total>
<stat pass="2" fail="0" skip="0">All Tests</stat>
</total>
<tag>
</tag>
<suite>
<stat pass="2" fail="0" skip="0" id="s1" name="Test2">Test2</stat>
</suite>
</statistics>
<errors>
<msg time="2024-12-20T01:00:30.153344" level="WARN">The chromedriver version (130.0.6723.69) detected in PATH at C:\Drivers\chromedriver-win64\chromedriver.exe might not be compatible with the detected chrome version (131.0.6778.140); currently, chromedriver 131.0.6778.204 is recommended for chrome 131.*, so it is advised to delete the driver in PATH and retry</msg>
</errors>
</robot>
